Warning[205] C:\USERS\TOMAS\DESKTOP\UCAB\ARQUITECTURA\LABORATORIO\PRACTICA 12\CHABORRO.ASM 1 : Found directive in column 1. (LIST)
Warning[205] C:\USERS\TOMAS\DESKTOP\UCAB\ARQUITECTURA\LABORATORIO\PRACTICA 12\CHABORRO.ASM 3 : Found directive in column 1. (EQU)
Error[111]   C:\USERS\TOMAS\DESKTOP\UCAB\ARQUITECTURA\LABORATORIO\PRACTICA 12\CHABORRO.ASM 3 : Missing symbol
Warning[205] C:\USERS\TOMAS\DESKTOP\UCAB\ARQUITECTURA\LABORATORIO\PRACTICA 12\CHABORRO.ASM 12 : Found directive in column 1. (EQU)
Error[111]   C:\USERS\TOMAS\DESKTOP\UCAB\ARQUITECTURA\LABORATORIO\PRACTICA 12\CHABORRO.ASM 12 : Missing symbol
Error[128]   C:\USERS\TOMAS\DESKTOP\UCAB\ARQUITECTURA\LABORATORIO\PRACTICA 12\CHABORRO.ASM 18 : Missing argument(s)
Error[108]   C:\USERS\TOMAS\DESKTOP\UCAB\ARQUITECTURA\LABORATORIO\PRACTICA 12\CHABORRO.ASM 19 : Illegal character (1)
Error[128]   C:\USERS\TOMAS\DESKTOP\UCAB\ARQUITECTURA\LABORATORIO\PRACTICA 12\CHABORRO.ASM 21 : Missing argument(s)
Error[108]   C:\USERS\TOMAS\DESKTOP\UCAB\ARQUITECTURA\LABORATORIO\PRACTICA 12\CHABORRO.ASM 22 : Illegal character (1)
Error[128]   C:\USERS\TOMAS\DESKTOP\UCAB\ARQUITECTURA\LABORATORIO\PRACTICA 12\CHABORRO.ASM 24 : Missing argument(s)
Error[108]   C:\USERS\TOMAS\DESKTOP\UCAB\ARQUITECTURA\LABORATORIO\PRACTICA 12\CHABORRO.ASM 25 : Illegal character (1)
Error[128]   C:\USERS\TOMAS\DESKTOP\UCAB\ARQUITECTURA\LABORATORIO\PRACTICA 12\CHABORRO.ASM 27 : Missing argument(s)
Error[108]   C:\USERS\TOMAS\DESKTOP\UCAB\ARQUITECTURA\LABORATORIO\PRACTICA 12\CHABORRO.ASM 28 : Illegal character (1)
Warning[205] C:\USERS\TOMAS\DESKTOP\UCAB\ARQUITECTURA\LABORATORIO\PRACTICA 12\CHABORRO.ASM 31 : Found directive in column 1. (EQU)
Error[128]   C:\USERS\TOMAS\DESKTOP\UCAB\ARQUITECTURA\LABORATORIO\PRACTICA 12\CHABORRO.ASM 31 : Missing argument(s)
Error[108]   C:\USERS\TOMAS\DESKTOP\UCAB\ARQUITECTURA\LABORATORIO\PRACTICA 12\CHABORRO.ASM 32 : Illegal character (0)
Warning[205] C:\USERS\TOMAS\DESKTOP\UCAB\ARQUITECTURA\LABORATORIO\PRACTICA 12\CHABORRO.ASM 35 : Found directive in column 1. (EQU)
Error[128]   C:\USERS\TOMAS\DESKTOP\UCAB\ARQUITECTURA\LABORATORIO\PRACTICA 12\CHABORRO.ASM 35 : Missing argument(s)
Error[108]   C:\USERS\TOMAS\DESKTOP\UCAB\ARQUITECTURA\LABORATORIO\PRACTICA 12\CHABORRO.ASM 36 : Illegal character (0)
Warning[205] C:\USERS\TOMAS\DESKTOP\UCAB\ARQUITECTURA\LABORATORIO\PRACTICA 12\CHABORRO.ASM 39 : Found directive in column 1. (EQU)
Error[128]   C:\USERS\TOMAS\DESKTOP\UCAB\ARQUITECTURA\LABORATORIO\PRACTICA 12\CHABORRO.ASM 39 : Missing argument(s)
Error[108]   C:\USERS\TOMAS\DESKTOP\UCAB\ARQUITECTURA\LABORATORIO\PRACTICA 12\CHABORRO.ASM 40 : Illegal character (0)
Warning[205] C:\USERS\TOMAS\DESKTOP\UCAB\ARQUITECTURA\LABORATORIO\PRACTICA 12\CHABORRO.ASM 43 : Found directive in column 1. (EQU)
Error[128]   C:\USERS\TOMAS\DESKTOP\UCAB\ARQUITECTURA\LABORATORIO\PRACTICA 12\CHABORRO.ASM 43 : Missing argument(s)
Error[108]   C:\USERS\TOMAS\DESKTOP\UCAB\ARQUITECTURA\LABORATORIO\PRACTICA 12\CHABORRO.ASM 44 : Illegal character (1)
Warning[205] C:\USERS\TOMAS\DESKTOP\UCAB\ARQUITECTURA\LABORATORIO\PRACTICA 12\CHABORRO.ASM 45 : Found directive in column 1. (ORG)
Warning[203] C:\USERS\TOMAS\DESKTOP\UCAB\ARQUITECTURA\LABORATORIO\PRACTICA 12\CHABORRO.ASM 47 : Found opcode in column 1. (GOTO)
Warning[203] C:\USERS\TOMAS\DESKTOP\UCAB\ARQUITECTURA\LABORATORIO\PRACTICA 12\CHABORRO.ASM 50 : Found opcode in column 1. (BSF)
Warning[203] C:\USERS\TOMAS\DESKTOP\UCAB\ARQUITECTURA\LABORATORIO\PRACTICA 12\CHABORRO.ASM 51 : Found opcode in column 1. (MOVLW)
Warning[203] C:\USERS\TOMAS\DESKTOP\UCAB\ARQUITECTURA\LABORATORIO\PRACTICA 12\CHABORRO.ASM 52 : Found opcode in column 1. (MOVWF)
Warning[203] C:\USERS\TOMAS\DESKTOP\UCAB\ARQUITECTURA\LABORATORIO\PRACTICA 12\CHABORRO.ASM 54 : Found opcode in column 1. (CLRF)
Error[128]   C:\USERS\TOMAS\DESKTOP\UCAB\ARQUITECTURA\LABORATORIO\PRACTICA 12\CHABORRO.ASM 54 : Missing argument(s)
Error[116]   C:\USERS\TOMAS\DESKTOP\UCAB\ARQUITECTURA\LABORATORIO\PRACTICA 12\CHABORRO.ASM 55 : Address label duplicated or different in second pass (TRISB)
Warning[203] C:\USERS\TOMAS\DESKTOP\UCAB\ARQUITECTURA\LABORATORIO\PRACTICA 12\CHABORRO.ASM 57 : Found opcode in column 1. (MOVLW)
Warning[203] C:\USERS\TOMAS\DESKTOP\UCAB\ARQUITECTURA\LABORATORIO\PRACTICA 12\CHABORRO.ASM 59 : Found opcode in column 1. (MOVWF)
Warning[203] C:\USERS\TOMAS\DESKTOP\UCAB\ARQUITECTURA\LABORATORIO\PRACTICA 12\CHABORRO.ASM 62 : Found opcode in column 1. (BCF)
Warning[203] C:\USERS\TOMAS\DESKTOP\UCAB\ARQUITECTURA\LABORATORIO\PRACTICA 12\CHABORRO.ASM 63 : Found opcode in column 1. (CLRF)
Error[128]   C:\USERS\TOMAS\DESKTOP\UCAB\ARQUITECTURA\LABORATORIO\PRACTICA 12\CHABORRO.ASM 63 : Missing argument(s)
Warning[203] C:\USERS\TOMAS\DESKTOP\UCAB\ARQUITECTURA\LABORATORIO\PRACTICA 12\CHABORRO.ASM 66 : Found opcode in column 1. (CLRF)
Error[128]   C:\USERS\TOMAS\DESKTOP\UCAB\ARQUITECTURA\LABORATORIO\PRACTICA 12\CHABORRO.ASM 66 : Missing argument(s)
Warning[203] C:\USERS\TOMAS\DESKTOP\UCAB\ARQUITECTURA\LABORATORIO\PRACTICA 12\CHABORRO.ASM 68 : Found opcode in column 1. (CLRF)
Error[128]   C:\USERS\TOMAS\DESKTOP\UCAB\ARQUITECTURA\LABORATORIO\PRACTICA 12\CHABORRO.ASM 68 : Missing argument(s)
Warning[203] C:\USERS\TOMAS\DESKTOP\UCAB\ARQUITECTURA\LABORATORIO\PRACTICA 12\CHABORRO.ASM 70 : Found opcode in column 1. (CLRF)
Error[128]   C:\USERS\TOMAS\DESKTOP\UCAB\ARQUITECTURA\LABORATORIO\PRACTICA 12\CHABORRO.ASM 70 : Missing argument(s)
Warning[203] C:\USERS\TOMAS\DESKTOP\UCAB\ARQUITECTURA\LABORATORIO\PRACTICA 12\CHABORRO.ASM 72 : Found opcode in column 1. (MOVLW)
Warning[203] C:\USERS\TOMAS\DESKTOP\UCAB\ARQUITECTURA\LABORATORIO\PRACTICA 12\CHABORRO.ASM 74 : Found opcode in column 1. (MOVWF)
Warning[203] C:\USERS\TOMAS\DESKTOP\UCAB\ARQUITECTURA\LABORATORIO\PRACTICA 12\CHABORRO.ASM 76 : Found opcode in column 1. (MOVLW)
Warning[203] C:\USERS\TOMAS\DESKTOP\UCAB\ARQUITECTURA\LABORATORIO\PRACTICA 12\CHABORRO.ASM 78 : Found opcode in column 1. (MOVWF)
Warning[203] C:\USERS\TOMAS\DESKTOP\UCAB\ARQUITECTURA\LABORATORIO\PRACTICA 12\CHABORRO.ASM 80 : Found opcode in column 1. (MOVLW)
Warning[203] C:\USERS\TOMAS\DESKTOP\UCAB\ARQUITECTURA\LABORATORIO\PRACTICA 12\CHABORRO.ASM 82 : Found opcode in column 1. (MOVWF)
Warning[203] C:\USERS\TOMAS\DESKTOP\UCAB\ARQUITECTURA\LABORATORIO\PRACTICA 12\CHABORRO.ASM 85 : Found opcode in column 1. (BTFSS)
Warning[203] C:\USERS\TOMAS\DESKTOP\UCAB\ARQUITECTURA\LABORATORIO\PRACTICA 12\CHABORRO.ASM 87 : Found opcode in column 1. (GOTO)
Error[128]   C:\USERS\TOMAS\DESKTOP\UCAB\ARQUITECTURA\LABORATORIO\PRACTICA 12\CHABORRO.ASM 87 : Missing argument(s)
Warning[203] C:\USERS\TOMAS\DESKTOP\UCAB\ARQUITECTURA\LABORATORIO\PRACTICA 12\CHABORRO.ASM 91 : Found opcode in column 1. (MOVF)
Warning[203] C:\USERS\TOMAS\DESKTOP\UCAB\ARQUITECTURA\LABORATORIO\PRACTICA 12\CHABORRO.ASM 92 : Found opcode in column 1. (CALL)
Error[128]   C:\USERS\TOMAS\DESKTOP\UCAB\ARQUITECTURA\LABORATORIO\PRACTICA 12\CHABORRO.ASM 92 : Missing argument(s)
Warning[203] C:\USERS\TOMAS\DESKTOP\UCAB\ARQUITECTURA\LABORATORIO\PRACTICA 12\CHABORRO.ASM 95 : Found opcode in column 1. (MOVWF)
Warning[203] C:\USERS\TOMAS\DESKTOP\UCAB\ARQUITECTURA\LABORATORIO\PRACTICA 12\CHABORRO.ASM 97 : Found opcode in column 1. (GOTO)
Error[116]   C:\USERS\TOMAS\DESKTOP\UCAB\ARQUITECTURA\LABORATORIO\PRACTICA 12\CHABORRO.ASM 99 : Address label duplicated or different in second pass (CONVERT)
Error[122]   C:\USERS\TOMAS\DESKTOP\UCAB\ARQUITECTURA\LABORATORIO\PRACTICA 12\CHABORRO.ASM 101 : Illegal opcode (TANTOS)
Warning[203] C:\USERS\TOMAS\DESKTOP\UCAB\ARQUITECTURA\LABORATORIO\PRACTICA 12\CHABORRO.ASM 102 : Found opcode in column 1. (RETLW)
Warning[203] C:\USERS\TOMAS\DESKTOP\UCAB\ARQUITECTURA\LABORATORIO\PRACTICA 12\CHABORRO.ASM 104 : Found opcode in column 1. (RETLW)
Warning[203] C:\USERS\TOMAS\DESKTOP\UCAB\ARQUITECTURA\LABORATORIO\PRACTICA 12\CHABORRO.ASM 106 : Found opcode in column 1. (RETLW)
Warning[203] C:\USERS\TOMAS\DESKTOP\UCAB\ARQUITECTURA\LABORATORIO\PRACTICA 12\CHABORRO.ASM 108 : Found opcode in column 1. (RETLW)
Warning[203] C:\USERS\TOMAS\DESKTOP\UCAB\ARQUITECTURA\LABORATORIO\PRACTICA 12\CHABORRO.ASM 110 : Found opcode in column 1. (RETLW)
Warning[203] C:\USERS\TOMAS\DESKTOP\UCAB\ARQUITECTURA\LABORATORIO\PRACTICA 12\CHABORRO.ASM 112 : Found opcode in column 1. (RETLW)
Warning[203] C:\USERS\TOMAS\DESKTOP\UCAB\ARQUITECTURA\LABORATORIO\PRACTICA 12\CHABORRO.ASM 114 : Found opcode in column 1. (RETLW)
Warning[203] C:\USERS\TOMAS\DESKTOP\UCAB\ARQUITECTURA\LABORATORIO\PRACTICA 12\CHABORRO.ASM 116 : Found opcode in column 1. (RETLW)
Warning[203] C:\USERS\TOMAS\DESKTOP\UCAB\ARQUITECTURA\LABORATORIO\PRACTICA 12\CHABORRO.ASM 118 : Found opcode in column 1. (RETLW)
Warning[203] C:\USERS\TOMAS\DESKTOP\UCAB\ARQUITECTURA\LABORATORIO\PRACTICA 12\CHABORRO.ASM 120 : Found opcode in column 1. (RETLW)
Warning[205] C:\USERS\TOMAS\DESKTOP\UCAB\ARQUITECTURA\LABORATORIO\PRACTICA 12\CHABORRO.ASM 122 : Found directive in column 1. (ORG)
Warning[203] C:\USERS\TOMAS\DESKTOP\UCAB\ARQUITECTURA\LABORATORIO\PRACTICA 12\CHABORRO.ASM 124 : Found opcode in column 1. (GOTO)
Warning[203] C:\USERS\TOMAS\DESKTOP\UCAB\ARQUITECTURA\LABORATORIO\PRACTICA 12\CHABORRO.ASM 127 : Found opcode in column 1. (DECFSZ)
Warning[203] C:\USERS\TOMAS\DESKTOP\UCAB\ARQUITECTURA\LABORATORIO\PRACTICA 12\CHABORRO.ASM 130 : Found opcode in column 1. (GOTO)
Warning[203] C:\USERS\TOMAS\DESKTOP\UCAB\ARQUITECTURA\LABORATORIO\PRACTICA 12\CHABORRO.ASM 132 : Found opcode in column 1. (GOTO)
Error[113]   C:\USERS\TOMAS\DESKTOP\UCAB\ARQUITECTURA\LABORATORIO\PRACTICA 12\CHABORRO.ASM 132 : Symbol not previously defined (SEG)
Warning[203] C:\USERS\TOMAS\DESKTOP\UCAB\ARQUITECTURA\LABORATORIO\PRACTICA 12\CHABORRO.ASM 135 : Found opcode in column 1. (MOVLW)
Warning[203] C:\USERS\TOMAS\DESKTOP\UCAB\ARQUITECTURA\LABORATORIO\PRACTICA 12\CHABORRO.ASM 137 : Found opcode in column 1. (MOVWF)
Warning[203] C:\USERS\TOMAS\DESKTOP\UCAB\ARQUITECTURA\LABORATORIO\PRACTICA 12\CHABORRO.ASM 139 : Found opcode in column 1. (BCF)
Warning[203] C:\USERS\TOMAS\DESKTOP\UCAB\ARQUITECTURA\LABORATORIO\PRACTICA 12\CHABORRO.ASM 140 : Found opcode in column 1. (RETFIE)
Error[128]   C:\USERS\TOMAS\DESKTOP\UCAB\ARQUITECTURA\LABORATORIO\PRACTICA 12\CHABORRO.ASM 142 : Missing argument(s)
Error[108]   C:\USERS\TOMAS\DESKTOP\UCAB\ARQUITECTURA\LABORATORIO\PRACTICA 12\CHABORRO.ASM 143 : Illegal character (,)
Warning[203] C:\USERS\TOMAS\DESKTOP\UCAB\ARQUITECTURA\LABORATORIO\PRACTICA 12\CHABORRO.ASM 145 : Found opcode in column 1. (MOVF)
Error[128]   C:\USERS\TOMAS\DESKTOP\UCAB\ARQUITECTURA\LABORATORIO\PRACTICA 12\CHABORRO.ASM 145 : Missing argument(s)
Error[108]   C:\USERS\TOMAS\DESKTOP\UCAB\ARQUITECTURA\LABORATORIO\PRACTICA 12\CHABORRO.ASM 146 : Illegal character (,)
Warning[203] C:\USERS\TOMAS\DESKTOP\UCAB\ARQUITECTURA\LABORATORIO\PRACTICA 12\CHABORRO.ASM 148 : Found opcode in column 1. (SUBLW)
Warning[203] C:\USERS\TOMAS\DESKTOP\UCAB\ARQUITECTURA\LABORATORIO\PRACTICA 12\CHABORRO.ASM 150 : Found opcode in column 1. (BTFSS)
Error[128]   C:\USERS\TOMAS\DESKTOP\UCAB\ARQUITECTURA\LABORATORIO\PRACTICA 12\CHABORRO.ASM 150 : Missing argument(s)
Error[108]   C:\USERS\TOMAS\DESKTOP\UCAB\ARQUITECTURA\LABORATORIO\PRACTICA 12\CHABORRO.ASM 151 : Illegal character (,)
Warning[203] C:\USERS\TOMAS\DESKTOP\UCAB\ARQUITECTURA\LABORATORIO\PRACTICA 12\CHABORRO.ASM 153 : Found opcode in column 1. (GOTO)
Error[128]   C:\USERS\TOMAS\DESKTOP\UCAB\ARQUITECTURA\LABORATORIO\PRACTICA 12\CHABORRO.ASM 153 : Missing argument(s)
Warning[203] C:\USERS\TOMAS\DESKTOP\UCAB\ARQUITECTURA\LABORATORIO\PRACTICA 12\CHABORRO.ASM 156 : Found opcode in column 1. (CLRF)
Error[128]   C:\USERS\TOMAS\DESKTOP\UCAB\ARQUITECTURA\LABORATORIO\PRACTICA 12\CHABORRO.ASM 156 : Missing argument(s)
Error[116]   C:\USERS\TOMAS\DESKTOP\UCAB\ARQUITECTURA\LABORATORIO\PRACTICA 12\CHABORRO.ASM 157 : Address label duplicated or different in second pass (SEGUNI)
Warning[203] C:\USERS\TOMAS\DESKTOP\UCAB\ARQUITECTURA\LABORATORIO\PRACTICA 12\CHABORRO.ASM 159 : Found opcode in column 1. (MOVLW)
Warning[203] C:\USERS\TOMAS\DESKTOP\UCAB\ARQUITECTURA\LABORATORIO\PRACTICA 12\CHABORRO.ASM 161 : Found opcode in column 1. (MOVWF)
Warning[203] C:\USERS\TOMAS\DESKTOP\UCAB\ARQUITECTURA\LABORATORIO\PRACTICA 12\CHABORRO.ASM 163 : Found opcode in column 1. (GOTO)
Error[116]   C:\USERS\TOMAS\DESKTOP\UCAB\ARQUITECTURA\LABORATORIO\PRACTICA 12\CHABORRO.ASM 165 : Address label duplicated or different in second pass (FIN)
Warning[203] C:\USERS\TOMAS\DESKTOP\UCAB\ARQUITECTURA\LABORATORIO\PRACTICA 12\CHABORRO.ASM 166 : Found opcode in column 1. (CLRF)
Error[128]   C:\USERS\TOMAS\DESKTOP\UCAB\ARQUITECTURA\LABORATORIO\PRACTICA 12\CHABORRO.ASM 166 : Missing argument(s)
Error[115]   C:\USERS\TOMAS\DESKTOP\UCAB\ARQUITECTURA\LABORATORIO\PRACTICA 12\CHABORRO.ASM 167 : Duplicate label ("INTCON" or redefining symbol that cannot be redefined)
Warning[203] C:\USERS\TOMAS\DESKTOP\UCAB\ARQUITECTURA\LABORATORIO\PRACTICA 12\CHABORRO.ASM 169 : Found opcode in column 1. (GOTO)
Warning[205] C:\USERS\TOMAS\DESKTOP\UCAB\ARQUITECTURA\LABORATORIO\PRACTICA 12\CHABORRO.ASM 171 : Found directive in column 1. (END)
